c:\users\bigre\documents\visual studio 2015\projects\简单搜索引擎\mainui\debug\mainui.pch
c:\users\bigre\documents\visual studio 2015\projects\简单搜索引擎\mainui\debug\vc140.pdb
c:\users\bigre\documents\visual studio 2015\projects\简单搜索引擎\mainui\debug\vc140.idb
c:\users\bigre\documents\visual studio 2015\projects\简单搜索引擎\mainui\debug\stdafx.obj
c:\users\bigre\documents\visual studio 2015\projects\简单搜索引擎\mainui\debug\mainui.obj
c:\users\bigre\documents\visual studio 2015\projects\简单搜索引擎\mainui\debug\mainuidlg.obj
c:\users\bigre\documents\visual studio 2015\projects\简单搜索引擎\mainui\debug\searcher.obj
c:\users\bigre\documents\visual studio 2015\projects\简单搜索引擎\debug\mainui.ilk
c:\users\bigre\documents\visual studio 2015\projects\简单搜索引擎\debug\mainui.exe
c:\users\bigre\documents\visual studio 2015\projects\简单搜索引擎\debug\mainui.pdb
c:\users\bigre\documents\visual studio 2015\projects\简单搜索引擎\mainui\debug\mainui.res
c:\users\bigre\documents\visual studio 2015\projects\简单搜索引擎\mainui\debug\mainui.tlog\cl.command.1.tlog
c:\users\bigre\documents\visual studio 2015\projects\简单搜索引擎\mainui\debug\mainui.tlog\cl.read.1.tlog
c:\users\bigre\documents\visual studio 2015\projects\简单搜索引擎\mainui\debug\mainui.tlog\cl.write.1.tlog
c:\users\bigre\documents\visual studio 2015\projects\简单搜索引擎\mainui\debug\mainui.tlog\link.command.1.tlog
c:\users\bigre\documents\visual studio 2015\projects\简单搜索引擎\mainui\debug\mainui.tlog\link.read.1.tlog
c:\users\bigre\documents\visual studio 2015\projects\简单搜索引擎\mainui\debug\mainui.tlog\link.write.1.tlog
c:\users\bigre\documents\visual studio 2015\projects\简单搜索引擎\mainui\debug\mainui.tlog\rc.command.1.tlog
c:\users\bigre\documents\visual studio 2015\projects\简单搜索引擎\mainui\debug\mainui.tlog\rc.read.1.tlog
c:\users\bigre\documents\visual studio 2015\projects\简单搜索引擎\mainui\debug\mainui.tlog\rc.write.1.tlog
