c:\users\bigre\documents\visual studio 2015\projects\简单搜索引擎\sercher\sercher.windows\debug\sercher.windows.pch
c:\users\bigre\documents\visual studio 2015\projects\简单搜索引擎\sercher\sercher.windows\debug\vc120.pdb
c:\users\bigre\documents\visual studio 2015\projects\简单搜索引擎\sercher\sercher.windows\debug\vc120.idb
c:\users\bigre\documents\visual studio 2015\projects\简单搜索引擎\sercher\sercher.windows\debug\pch.obj
c:\users\bigre\documents\visual studio 2015\projects\简单搜索引擎\sercher\sercher.windows\debug\sercher.obj
c:\users\bigre\documents\visual studio 2015\projects\简单搜索引擎\sercher\sercher.windows\debug\dllmain.obj
c:\users\bigre\documents\visual studio 2015\projects\简单搜索引擎\debug\sercher.windows\sercher.windows.ilk
c:\users\bigre\documents\visual studio 2015\projects\简单搜索引擎\debug\sercher.windows\sercher.windows.dll
c:\users\bigre\documents\visual studio 2015\projects\简单搜索引擎\debug\sercher.windows\sercher.windows.pdb
c:\users\bigre\documents\visual studio 2015\projects\简单搜索引擎\sercher\sercher.windows\debug\priconfig.xml
c:\users\bigre\documents\visual studio 2015\projects\简单搜索引擎\sercher\sercher.windows\debug\priconfig.xml.intermediate
c:\users\bigre\documents\visual studio 2015\projects\简单搜索引擎\sercher\sercher.windows\debug\layout.resfiles
c:\users\bigre\documents\visual studio 2015\projects\简单搜索引擎\sercher\sercher.windows\debug\layout.resfiles.intermediate
c:\users\bigre\documents\visual studio 2015\projects\简单搜索引擎\sercher\sercher.windows\debug\resources.resfiles
c:\users\bigre\documents\visual studio 2015\projects\简单搜索引擎\sercher\sercher.windows\debug\resources.resfiles.intermediate
c:\users\bigre\documents\visual studio 2015\projects\简单搜索引擎\sercher\sercher.windows\debug\pri.resfiles
c:\users\bigre\documents\visual studio 2015\projects\简单搜索引擎\sercher\sercher.windows\debug\pri.resfiles.intermediate
c:\users\bigre\documents\visual studio 2015\projects\简单搜索引擎\debug\sercher.windows\sercher.pri
c:\users\bigre\documents\visual studio 2015\projects\简单搜索引擎\sercher\sercher.windows\debug\qualifiers.txt
c:\users\bigre\documents\visual studio 2015\projects\简单搜索引擎\sercher\sercher.windows\debug\qualifiers.txt.intermediate
c:\users\bigre\documents\visual studio 2015\projects\简单搜索引擎\sercher\sercher.windows\debug\multiplequalifiersperdimensionfound.txt
c:\users\bigre\documents\visual studio 2015\projects\简单搜索引擎\sercher\sercher.windows\debug\sercher.windows.tlog\cl.command.1.tlog
c:\users\bigre\documents\visual studio 2015\projects\简单搜索引擎\sercher\sercher.windows\debug\sercher.windows.tlog\cl.read.1.tlog
c:\users\bigre\documents\visual studio 2015\projects\简单搜索引擎\sercher\sercher.windows\debug\sercher.windows.tlog\cl.write.1.tlog
c:\users\bigre\documents\visual studio 2015\projects\简单搜索引擎\sercher\sercher.windows\debug\sercher.windows.tlog\link.command.1.tlog
c:\users\bigre\documents\visual studio 2015\projects\简单搜索引擎\sercher\sercher.windows\debug\sercher.windows.tlog\link.read.1.tlog
c:\users\bigre\documents\visual studio 2015\projects\简单搜索引擎\sercher\sercher.windows\debug\sercher.windows.tlog\link.write.1.tlog
c:\users\bigre\documents\visual studio 2015\projects\简单搜索引擎\sercher\sercher.windows\debug\sercher.windows.tlog\sercher.windows.read.1u.tlog
c:\users\bigre\documents\visual studio 2015\projects\简单搜索引擎\sercher\sercher.windows\debug\sercher.windows.tlog\sercher.windows.write.1u.tlog
